[ 2015-08-08T23:08:55+08:00 ] 127.0.0.1 /Manager/Sysuser/Edit/id/9
INFO: [ app_init ] --START--
INFO: Run Behavior\BuildLiteBehavior [ RunTime:0.000018s ]
INFO: [ app_init ] --END-- [ RunTime:0.000144s ]
INFO: [ app_begin ] --START--
INFO: Run Behavior\ReadHtmlCacheBehavior [ RunTime:0.000934s ]
INFO: [ app_begin ] --END-- [ RunTime:0.000985s ]
NOTIC: [8] A session had already been started - ignoring session_start() E:\PHPWEB\Blogs\ThinkPHP\Common\functions.php 第 1261 行.
ERR: 无法加载控制器:Sysuser

[ 2015-08-08T23:08:59+08:00 ] 127.0.0.1 /Manager/Sysuser/Edit/id/9
INFO: [ app_init ] --START--
INFO: Run Behavior\BuildLiteBehavior [ RunTime:0.000013s ]
INFO: [ app_init ] --END-- [ RunTime:0.000526s ]
INFO: [ app_begin ] --START--
INFO: Run Behavior\ReadHtmlCacheBehavior [ RunTime:0.001259s ]
INFO: [ app_begin ] --END-- [ RunTime:0.001346s ]
NOTIC: [8] A session had already been started - ignoring session_start() E:\PHPWEB\Blogs\ThinkPHP\Common\functions.php 第 1261 行.
ERR: 无法加载控制器:Sysuser

[ 2015-08-08T23:17:55+08:00 ] 127.0.0.1 /Manager/Sysuser/Index
ERR: SQLSTATE[42S02]: Base table or view not found: 1146 Table 'blog.sysuser' doesn't exist

[ 2015-08-08T23:18:05+08:00 ] 127.0.0.1 /Manager/Sysuser/Index
ERR: SQLSTATE[42S02]: Base table or view not found: 1146 Table 'blog.sysuser' doesn't exist

